#
# There is insufficient memory for the Java Runtime Environment to continue.
# Native memory allocation (malloc) failed to allocate 394256 bytes for Chunk::new
# Possible reasons:
#   The system is out of physical RAM or swap space
#   The process is running with CompressedOops enabled, and the Java Heap may be blocking the growth of the native heap
# Possible solutions:
#   Reduce memory load on the system
#   Increase physical memory or swap space
#   Check if swap backing store is full
#   Decrease Java heap size (-Xmx/-Xms)
#   Decrease number of Java threads
#   Decrease Java thread stack sizes (-Xss)
#   Set larger code cache with -XX:ReservedCodeCacheSize=
#   JVM is running with Unscaled Compressed Oops mode in which the Java heap is
#     placed in the first 4GB address space. The Java Heap base address is the
#     maximum limit for the native heap growth. Please use -XX:HeapBaseMinAddress
#     to set the Java Heap base and to place the Java Heap above 4GB virtual address.
# This output file may be truncated or incomplete.
#
#  Out of Memory Error (arena.cpp:189), pid=32888, tid=27544
#
# JRE version: OpenJDK Runtime Environment Temurin-17.0.4.1+1 (17.0.4.1+1) (build 17.0.4.1+1)
# Java VM: OpenJDK 64-Bit Server VM Temurin-17.0.4.1+1 (17.0.4.1+1, mixed mode, tiered, compressed oops, compressed class ptrs, g1 gc, windows-amd64)
# No core dump will be written. Minidumps are not enabled by default on client versions of Windows
#

---------------  S U M M A R Y ------------

Command Line: -ea -Dfile.encoding=UTF-8 -XX:+ShowCodeDetailsInExceptionMessages org.testng.remote.RemoteTestNG -serport 63093 -protocol json -d C:\Users\Aloke\Documents\workspace-spring-tool-suite-4-4.16.1.RELEASE\karnataka_tourism\test-output C:\Users\Aloke\AppData\Local\Temp\testng-eclipse-2125921714\testng-customsuite.xml

Host: Intel(R) Core(TM) i3-1005G1 CPU @ 1.20GHz, 4 cores, 3G,  Windows 11 , 64 bit Build 22000 (10.0.22000.1219)
Time: Tue Nov 29 19:50:31 2022 India Standard Time elapsed time: 26.076487 seconds (0d 0h 0m 26s)

---------------  T H R E A D  ---------------

Current thread (0x000002424023aeb0):  JavaThread "C2 CompilerThread0" daemon [_thread_in_native, id=27544, stack(0x0000004ec9a00000,0x0000004ec9b00000)]


Current CompileTask:
C2:  26076 2709   !   4       java.util.zip.InflaterInputStream::read (138 bytes)

Stack: [0x0000004ec9a00000,0x0000004ec9b00000]
Native frames: (J=compiled Java code, j=interpreted, Vv=VM code, C=native code)
V  [jvm.dll+0x67731a]
V  [jvm.dll+0x832284]
V  [jvm.dll+0x833a2e]
V  [jvm.dll+0x834093]
V  [jvm.dll+0x245775]
V  [jvm.dll+0xabd7b]
V  [jvm.dll+0xac30c]
V  [jvm.dll+0x363a97]
V  [jvm.dll+0x32e011]
V  [jvm.dll+0x32d4ba]
V  [jvm.dll+0x218681]
V  [jvm.dll+0x217aa1]
V  [jvm.dll+0x1a3f8d]
V  [jvm.dll+0x227498]
V  [jvm.dll+0x2255e5]
V  [jvm.dll+0x7e7e9b]
V  [jvm.dll+0x7e240a]
V  [jvm.dll+0x6761a5]
C  [ucrtbase.dll+0x26c0c]
C  [KERNEL32.DLL+0x15550]
C  [ntdll.dll+0x485b]


---------------  P R O C E S S  ---------------

Threads class SMR info:
_java_thread_list=0x0000024240f7bc80, length=24, elements={
0x00000242293f8ed0, 0x00000242401d07d0, 0x0000024240207010, 0x000002424021e520,
0x000002424021eed0, 0x0000024240220020, 0x0000024240221eb0, 0x000002424023aeb0,
0x000002424023c0f0, 0x000002424024e960, 0x0000024240d37bd0, 0x0000024240d53c50,
0x00000242415deb80, 0x0000024241ee2f40, 0x0000024241d046a0, 0x00000242421a4470,
0x0000024241d2f100, 0x0000024241d307c0, 0x0000024241d324a0, 0x0000024241d2fe20,
0x0000024241d33310, 0x0000024241d30c90, 0x0000024241d31b00, 0x0000024241d31fd0
}

Java Threads: ( => current thread )
  0x00000242293f8ed0 JavaThread "Forwarding findElement on session ca7dbb9d9cc1a05e6776b5b45d63015e to remote" [_thread_blocked, id=32456, stack(0x0000004ec8d00000,0x0000004ec8e00000)]
  0x00000242401d07d0 JavaThread "Reference Handler" daemon [_thread_blocked, id=33108, stack(0x0000004ec9400000,0x0000004ec9500000)]
  0x0000024240207010 JavaThread "Finalizer" daemon [_thread_blocked, id=31572, stack(0x0000004ec9500000,0x0000004ec9600000)]
  0x000002424021e520 JavaThread "Signal Dispatcher" daemon [_thread_blocked, id=7752, stack(0x0000004ec9600000,0x0000004ec9700000)]
  0x000002424021eed0 JavaThread "Attach Listener" daemon [_thread_blocked, id=33636, stack(0x0000004ec9700000,0x0000004ec9800000)]
  0x0000024240220020 JavaThread "Service Thread" daemon [_thread_blocked, id=22476, stack(0x0000004ec9800000,0x0000004ec9900000)]
  0x0000024240221eb0 JavaThread "Monitor Deflation Thread" daemon [_thread_blocked, id=30140, stack(0x0000004ec9900000,0x0000004ec9a00000)]
=>0x000002424023aeb0 JavaThread "C2 CompilerThread0" daemon [_thread_in_native, id=27544, stack(0x0000004ec9a00000,0x0000004ec9b00000)]
  0x000002424023c0f0 JavaThread "C1 CompilerThread0" daemon [_thread_blocked, id=13612, stack(0x0000004ec9b00000,0x0000004ec9c00000)]
  0x000002424024e960 JavaThread "Sweeper thread" daemon [_thread_blocked, id=12608, stack(0x0000004ec9c00000,0x0000004ec9d00000)]
  0x0000024240d37bd0 JavaThread "Notification Thread" daemon [_thread_blocked, id=16764, stack(0x0000004ec9d00000,0x0000004ec9e00000)]
  0x0000024240d53c50 JavaThread "Common-Cleaner" daemon [_thread_blocked, id=6672, stack(0x0000004ec9f00000,0x0000004eca000000)]
  0x00000242415deb80 JavaThread "ReaderThread" [_thread_in_native, id=30184, stack(0x0000004eca100000,0x0000004eca200000)]
  0x0000024241ee2f40 JavaThread "ForkJoinPool.commonPool-worker-1" daemon [_thread_blocked, id=12312, stack(0x0000004eca600000,0x0000004eca700000)]
  0x0000024241d046a0 JavaThread "AsyncHttpClient-1-1" daemon [_thread_blocked, id=33448, stack(0x0000004eca700000,0x0000004eca800000)]
  0x00000242421a4470 JavaThread "Exec Default Executor" daemon [_thread_in_native, id=26988, stack(0x0000004eca800000,0x0000004eca900000)]
  0x0000024241d2f100 JavaThread "Driver Service Executor" daemon [_thread_blocked, id=18268, stack(0x0000004eca900000,0x0000004ecaa00000)]
  0x0000024241d307c0 JavaThread "Driver Service Executor" daemon [_thread_blocked, id=13628, stack(0x0000004ecaa00000,0x0000004ecab00000)]
  0x0000024241d324a0 JavaThread "UrlChecker-2" daemon [_thread_blocked, id=31576, stack(0x0000004ecab00000,0x0000004ecac00000)]
  0x0000024241d2fe20 JavaThread "Exec Stream Pumper" daemon [_thread_in_native, id=3968, stack(0x0000004ecac00000,0x0000004ecad00000)]
  0x0000024241d33310 JavaThread "Exec Stream Pumper" daemon [_thread_in_native, id=20576, stack(0x0000004ecad00000,0x0000004ecae00000)]
  0x0000024241d30c90 JavaThread "AsyncHttpClient-1-2" daemon [_thread_in_native, id=33204, stack(0x0000004ecae00000,0x0000004ecaf00000)]
  0x0000024241d31b00 JavaThread "AsyncHttpClient-1-3" daemon [_thread_in_native, id=29012, stack(0x0000004eca500000,0x0000004eca600000)]
  0x0000024241d31fd0 JavaThread "AsyncHttpClient-1-4" daemon [_thread_in_native, id=33256, stack(0x0000004ecaf00000,0x0000004ecb000000)]

Other Threads:
  0x00000242401fcc60 VMThread "VM Thread" [stack: 0x0000004ec9300000,0x0000004ec9400000] [id=32500]
  0x0000024240d386b0 WatcherThread [stack: 0x0000004ec9e00000,0x0000004ec9f00000] [id=25268]
  0x0000024229431b20 GCTaskThread "GC Thread#0" [stack: 0x0000004ec8e00000,0x0000004ec8f00000] [id=8800]
  0x00000242415cd2a0 GCTaskThread "GC Thread#1" [stack: 0x0000004eca200000,0x0000004eca300000] [id=23556]
  0x00000242415cd550 GCTaskThread "GC Thread#2" [stack: 0x0000004eca300000,0x0000004eca400000] [id=32880]
  0x00000242415ce620 GCTaskThread "GC Thread#3" [stack: 0x0000004eca400000,0x0000004eca500000] [id=19724]
  0x000002422943b100 ConcurrentGCThread "G1 Main Marker" [stack: 0x0000004ec8f00000,0x0000004ec9000000] [id=21104]
  0x000002422943bb10 ConcurrentGCThread "G1 Conc#0" [stack: 0x0000004ec9000000,0x0000004ec9100000] [id=16508]
  0x0000024229477100 ConcurrentGCThread "G1 Refine#0" [stack: 0x0000004ec9100000,0x0000004ec9200000] [id=29212]
  0x00000242294784f0 ConcurrentGCThread "G1 Service" [stack: 0x0000004ec9200000,0x0000004ec9300000] [id=21676]

Threads with active compile tasks:
C2 CompilerThread0    26133 2709   !   4       java.util.zip.InflaterInputStream::read (138 bytes)

VM state: not at safepoint (normal execution)

VM Mutex/Monitor currently owned by a thread: None

Heap address: 0x00000000c4c00000, size: 948 MB, Compressed Oops mode: 32-bit

CDS archive(s) not mapped
Compressed class space mapped at: 0x0000000100000000-0x0000000140000000, reserved size: 1073741824
Narrow klass base: 0x0000000000000000, Narrow klass shift: 3, Narrow klass range: 0x140000000

GC Precious Log:
 CPUs: 4 total, 4 available
 Memory: 3784M
 Large Page Support: Disabled
 NUMA Support: Disabled
 Compressed Oops: Enabled (32-bit)
 Heap Region Size: 1M
 Heap Min Capacity: 8M
 Heap Initial Capacity: 60M
 Heap Max Capacity: 948M
 Pre-touch: Disabled
 Parallel Workers: 4
 Concurrent Workers: 1
 Concurrent Refinement Workers: 4
 Periodic GC: Disabled

Heap:
 garbage-first heap   total 40960K, used 22259K [0x00000000c4c00000, 0x0000000100000000)
  region size 1024K, 7 young (7168K), 3 survivors (3072K)
 Metaspace       used 34326K, committed 34624K, reserved 1081344K
  class space    used 3870K, committed 4032K, reserved 1048576K

Heap Regions: E=young(eden), S=young(survivor), O=old, HS=humongous(starts), HC=humongous(continues), CS=collection set, F=free, OA=open archive, CA=closed archive, TAMS=top-at-mark-start (previous, next)
|   0|0x00000000c4c00000, 0x00000000c4d00000, 0x00000000c4d00000|100%| O|  |TAMS 0x00000000c4d00000, 0x00000000c4c00000| Untracked 
|   1|0x00000000c4d00000, 0x00000000c4e00000, 0x00000000c4e00000|100%| O|  |TAMS 0x00000000c4e00000, 0x00000000c4d00000| Untracked 
|   2|0x00000000c4e00000, 0x00000000c4f00000, 0x00000000c4f00000|100%| O|  |TAMS 0x00000000c4f00000, 0x00000000c4e00000| Untracked 
|   3|0x00000000c4f00000, 0x00000000c5000000, 0x00000000c5000000|100%| O|  |TAMS 0x00000000c5000000, 0x00000000c4f00000| Untracked 
|   4|0x00000000c5000000, 0x00000000c5100000, 0x00000000c5100000|100%| O|  |TAMS 0x00000000c5100000, 0x00000000c5000000| Untracked 
|   5|0x00000000c5100000, 0x00000000c5200000, 0x00000000c5200000|100%| O|  |TAMS 0x00000000c5200000, 0x00000000c5100000| Untracked 
|   6|0x00000000c5200000, 0x00000000c5300000, 0x00000000c5300000|100%| O|  |TAMS 0x00000000c5300000, 0x00000000c5200000| Untracked 
|   7|0x00000000c5300000, 0x00000000c5300000, 0x00000000c5400000|  0%| F|  |TAMS 0x00000000c5300000, 0x00000000c5300000| Untracked 
|   8|0x00000000c5400000, 0x00000000c5500000, 0x00000000c5500000|100%| O|  |TAMS 0x00000000c5400000, 0x00000000c5400000| Untracked 
|   9|0x00000000c5500000, 0x00000000c5600000, 0x00000000c5600000|100%| O|  |TAMS 0x00000000c5500000, 0x00000000c5500000| Untracked 
|  10|0x00000000c5600000, 0x00000000c5700000, 0x00000000c5700000|100%| O|  |TAMS 0x00000000c5600000, 0x00000000c5600000| Untracked 
|  11|0x00000000c5700000, 0x00000000c5800000, 0x00000000c5800000|100%| O|  |TAMS 0x00000000c5700000, 0x00000000c5700000| Untracked 
|  12|0x00000000c5800000, 0x00000000c5890800, 0x00000000c5900000| 56%| O|  |TAMS 0x00000000c5800000, 0x00000000c5800000| Untracked 
|  13|0x00000000c5900000, 0x00000000c5a00000, 0x00000000c5a00000|100%|HS|  |TAMS 0x00000000c5900000, 0x00000000c5900000| Complete 
|  14|0x00000000c5a00000, 0x00000000c5b00000, 0x00000000c5b00000|100%|HC|  |TAMS 0x00000000c5a00000, 0x00000000c5a00000| Complete 
|  15|0x00000000c5b00000, 0x00000000c5c00000, 0x00000000c5c00000|100%|HC|  |TAMS 0x00000000c5b00000, 0x00000000c5b00000| Complete 
|  16|0x00000000c5c00000, 0x00000000c5d00000, 0x00000000c5d00000|100%|HC|  |TAMS 0x00000000c5c00000, 0x00000000c5c00000| Complete 
|  17|0x00000000c5d00000, 0x00000000c5e00000, 0x00000000c5e00000|100%|HC|  |TAMS 0x00000000c5d00000, 0x00000000c5d00000| Complete 
|  18|0x00000000c5e00000, 0x00000000c5e00000, 0x00000000c5f00000|  0%| F|  |TAMS 0x00000000c5e00000, 0x00000000c5e00000| Untracked 
|  19|0x00000000c5f00000, 0x00000000c5f00000, 0x00000000c6000000|  0%| F|  |TAMS 0x00000000c5f00000, 0x00000000c5f00000| Untracked 
|  20|0x00000000c6000000, 0x00000000c602c660, 0x00000000c6100000| 17%| S|CS|TAMS 0x00000000c6000000, 0x00000000c6000000| Complete 
|  21|0x00000000c6100000, 0x00000000c6200000, 0x00000000c6200000|100%| S|CS|TAMS 0x00000000c6100000, 0x00000000c6100000| Complete 
|  22|0x00000000c6200000, 0x00000000c6300000, 0x00000000c6300000|100%| S|CS|TAMS 0x00000000c6200000, 0x00000000c6200000| Complete 
|  23|0x00000000c6300000, 0x00000000c6300000, 0x00000000c6400000|  0%| F|  |TAMS 0x00000000c6300000, 0x00000000c6300000| Untracked 
|  24|0x00000000c6400000, 0x00000000c6400000, 0x00000000c6500000|  0%| F|  |TAMS 0x00000000c6400000, 0x00000000c6400000| Untracked 
|  25|0x00000000c6500000, 0x00000000c6500000, 0x00000000c6600000|  0%| F|  |TAMS 0x00000000c6500000, 0x00000000c6500000| Untracked 
|  26|0x00000000c6600000, 0x00000000c6600000, 0x00000000c6700000|  0%| F|  |TAMS 0x00000000c6600000, 0x00000000c6600000| Untracked 
|  27|0x00000000c6700000, 0x00000000c6700000, 0x00000000c6800000|  0%| F|  |TAMS 0x00000000c6700000, 0x00000000c6700000| Untracked 
|  28|0x00000000c6800000, 0x00000000c6800000, 0x00000000c6900000|  0%| F|  |TAMS 0x00000000c6800000, 0x00000000c6800000| Untracked 
|  29|0x00000000c6900000, 0x00000000c6900000, 0x00000000c6a00000|  0%| F|  |TAMS 0x00000000c6900000, 0x00000000c6900000| Untracked 
|  30|0x00000000c6a00000, 0x00000000c6a00000, 0x00000000c6b00000|  0%| F|  |TAMS 0x00000000c6a00000, 0x00000000c6a00000| Untracked 
|  31|0x00000000c6b00000, 0x00000000c6b00000, 0x00000000c6c00000|  0%| F|  |TAMS 0x00000000c6b00000, 0x00000000c6b00000| Untracked 
|  32|0x00000000c6c00000, 0x00000000c6c00000, 0x00000000c6d00000|  0%| F|  |TAMS 0x00000000c6c00000, 0x00000000c6c00000| Untracked 
|  33|0x00000000c6d00000, 0x00000000c6d00000, 0x00000000c6e00000|  0%| F|  |TAMS 0x00000000c6d00000, 0x00000000c6d00000| Untracked 
|  34|0x00000000c6e00000, 0x00000000c6e00000, 0x00000000c6f00000|  0%| F|  |TAMS 0x00000000c6e00000, 0x00000000c6e00000| Untracked 
|  35|0x00000000c6f00000, 0x00000000c6f00000, 0x00000000c7000000|  0%| F|  |TAMS 0x00000000c6f00000, 0x00000000c6f00000| Untracked 
|  56|0x00000000c8400000, 0x00000000c8492a28, 0x00000000c8500000| 57%| E|  |TAMS 0x00000000c8400000, 0x00000000c8400000| Complete 
|  57|0x00000000c8500000, 0x00000000c8600000, 0x00000000c8600000|100%| E|CS|TAMS 0x00000000c8500000, 0x00000000c8500000| Complete 
|  58|0x00000000c8600000, 0x00000000c8700000, 0x00000000c8700000|100%| E|CS|TAMS 0x00000000c8600000, 0x00000000c8600000| Complete 
|  59|0x00000000c8700000, 0x00000000c8800000, 0x00000000c8800000|100%| E|CS|TAMS 0x00000000c8700000, 0x00000000c8700000| Complete 

Card table byte_map: [0x000002423bab0000,0x000002423bc90000] _byte_map_base: 0x000002423b48a000

Marking Bits (Prev, Next): (CMBitMap*) 0x0000024229433190, (CMBitMap*) 0x0000024229433150
 Prev Bits: [0x000002423cd40000, 0x000002423dc10000)
 Next Bits: [0x000002423be70000, 0x000002423cd40000)

Polling page: 0x00000242273e0000

Metaspace:

Usage:
  Non-class:     29.74 MB used.
      Class:      3.78 MB used.
       Both:     33.52 MB used.

Virtual space:
  Non-class space:       32.00 MB reserved,      29.88 MB ( 93%) committed,  4 nodes.
      Class space:        1.00 GB reserved,       3.94 MB ( <1%) committed,  1 nodes.
             Both:        1.03 GB reserved,      33.81 MB (  3%) committed. 

Chunk freelists:
   Non-Class:  1.86 MB
       Class:  127.00 KB
        Both:  1.98 MB

MaxMetaspaceSize: unlimited
CompressedClassSpaceSize: 1.00 GB
Initial GC threshold: 21.00 MB
Current GC threshold: 35.25 MB
CDS: off
MetaspaceReclaimPolicy: balanced
 - commit_granule_bytes: 65536.
 - commit_granule_words: 8192.
 - virtual_space_node_default_size: 1048576.
 - enlarge_chunks_in_place: 1.
 - new_chunks_are_fully_committed: 0.
 - uncommit_free_chunks: 1.
 - use_allocation_guard: 0.
 - handle_deallocations: 1.


Internal statistics:

num_allocs_failed_limit: 3.
num_arena_births: 160.
num_arena_deaths: 0.
num_vsnodes_births: 5.
num_vsnodes_deaths: 0.
num_space_committed: 541.
num_space_uncommitted: 0.
num_chunks_returned_to_freelist: 3.
num_chunks_taken_from_freelist: 774.
num_chunk_merges: 0.
num_chunk_splits: 516.
num_chunks_enlarged: 419.
num_purges: 0.
num_inconsistent_stats: 0.

CodeHeap 'non-profiled nmethods': size=120000Kb used=1093Kb max_used=1093Kb free=118906Kb
 bounds [0x0000024234580000, 0x00000242347f0000, 0x000002423bab0000]
CodeHeap 'profiled nmethods': size=120000Kb used=5333Kb max_used=5333Kb free=114666Kb
 bounds [0x000002422d050000, 0x000002422d590000, 0x0000024234580000]
CodeHeap 'non-nmethods': size=5760Kb used=1303Kb max_used=1326Kb free=4456Kb
 bounds [0x000002422cab0000, 0x000002422cd20000, 0x000002422d050000]
 total_blobs=3329 nmethods=2724 adapters=517
 compilation: enabled
              stopped_count=0, restarted_count=0
 full_count=0

Compilation events (20 events):
Event: 25.640 Thread 0x000002424023c0f0 nmethod 2699 0x000002422d579e10 code [0x000002422d579fc0, 0x000002422d57a1d8]
Event: 25.640 Thread 0x000002424023c0f0 2700       3       io.netty.util.internal.PlatformDependent0::getInt (9 bytes)
Event: 25.641 Thread 0x000002424023c0f0 nmethod 2700 0x000002422d57a310 code [0x000002422d57a4a0, 0x000002422d57a638]
Event: 25.642 Thread 0x000002424023c0f0 2701       3       io.netty.util.internal.shaded.org.jctools.queues.BaseMpscLinkedArrayQueueConsumerFields::lpConsumerIndex (11 bytes)
Event: 25.643 Thread 0x000002424023c0f0 nmethod 2701 0x000002422d57a710 code [0x000002422d57a8a0, 0x000002422d57aa18]
Event: 25.961 Thread 0x000002424023c0f0 2702       3       io.netty.util.internal.AppendableCharSequence::append (58 bytes)
Event: 25.962 Thread 0x000002424023c0f0 nmethod 2702 0x000002422d57ab10 code [0x000002422d57acc0, 0x000002422d57afe8]
Event: 25.962 Thread 0x000002424023c0f0 2703       3       io.netty.util.internal.AppendableCharSequence::charAtUnsafe (7 bytes)
Event: 25.963 Thread 0x000002424023c0f0 nmethod 2703 0x000002422d57b110 code [0x000002422d57b2a0, 0x000002422d57b3d8]
Event: 25.971 Thread 0x000002424023c0f0 2704       3       java.util.ArrayDeque::addFirst (51 bytes)
Event: 25.971 Thread 0x000002424023c0f0 nmethod 2704 0x000002422d57b490 code [0x000002422d57b660, 0x000002422d57baf8]
Event: 25.971 Thread 0x000002424023c0f0 2706       3       org.openqa.selenium.json.StaticInitializerCoercer$$Lambda$239/0x0000000100325f60::test (8 bytes)
Event: 25.972 Thread 0x000002424023c0f0 nmethod 2706 0x000002422d57bc90 code [0x000002422d57be40, 0x000002422d57c178]
Event: 25.972 Thread 0x000002424023c0f0 2705       1       java.util.Spliterators$ArraySpliterator::characteristics (5 bytes)
Event: 25.972 Thread 0x000002424023c0f0 nmethod 2705 0x000002423468fb90 code [0x000002423468fd20, 0x000002423468fdf8]
Event: 25.973 Thread 0x000002424023c0f0 2707       3       java.util.ArrayDeque::removeFirst (19 bytes)
Event: 25.973 Thread 0x000002424023c0f0 nmethod 2707 0x000002422d57c290 code [0x000002422d57c440, 0x000002422d57c6f8]
Event: 25.973 Thread 0x000002424023c0f0 2708       3       java.util.RegularEnumSet::contains (57 bytes)
Event: 25.973 Thread 0x000002424023c0f0 nmethod 2708 0x000002422d57c810 code [0x000002422d57c9e0, 0x000002422d57cde8]
Event: 26.038 Thread 0x000002424023aeb0 2709   !   4       java.util.zip.InflaterInputStream::read (138 bytes)

GC Heap History (16 events):
Event: 1.388 GC heap before
{Heap before GC invocations=0 (full 0):
 garbage-first heap   total 61440K, used 12288K [0x00000000c4c00000, 0x0000000100000000)
  region size 1024K, 13 young (13312K), 0 survivors (0K)
 Metaspace       used 10486K, committed 10624K, reserved 1064960K
  class space    used 965K, committed 1024K, reserved 1048576K
}
Event: 1.396 GC heap after
{Heap after GC invocations=1 (full 0):
 garbage-first heap   total 61440K, used 5245K [0x00000000c4c00000, 0x0000000100000000)
  region size 1024K, 2 young (2048K), 2 survivors (2048K)
 Metaspace       used 10486K, committed 10624K, reserved 1064960K
  class space    used 965K, committed 1024K, reserved 1048576K
}
Event: 2.203 GC heap before
{Heap before GC invocations=1 (full 0):
 garbage-first heap   total 61440K, used 16509K [0x00000000c4c00000, 0x0000000100000000)
  region size 1024K, 14 young (14336K), 2 survivors (2048K)
 Metaspace       used 16294K, committed 16512K, reserved 1064960K
  class space    used 1626K, committed 1728K, reserved 1048576K
}
Event: 2.208 GC heap after
{Heap after GC invocations=2 (full 0):
 garbage-first heap   total 61440K, used 7430K [0x00000000c4c00000, 0x0000000100000000)
  region size 1024K, 2 young (2048K), 2 survivors (2048K)
 Metaspace       used 16294K, committed 16512K, reserved 1064960K
  class space    used 1626K, committed 1728K, reserved 1048576K
}
Event: 2.975 GC heap before
{Heap before GC invocations=2 (full 0):
 garbage-first heap   total 61440K, used 24838K [0x00000000c4c00000, 0x0000000100000000)
  region size 1024K, 20 young (20480K), 2 survivors (2048K)
 Metaspace       used 21287K, committed 21504K, reserved 1073152K
  class space    used 2189K, committed 2304K, reserved 1048576K
}
Event: 2.980 GC heap after
{Heap after GC invocations=3 (full 0):
 garbage-first heap   total 61440K, used 9556K [0x00000000c4c00000, 0x0000000100000000)
  region size 1024K, 3 young (3072K), 3 survivors (3072K)
 Metaspace       used 21287K, committed 21504K, reserved 1073152K
  class space    used 2189K, committed 2304K, reserved 1048576K
}
Event: 2.987 GC heap before
{Heap before GC invocations=3 (full 0):
 garbage-first heap   total 61440K, used 9556K [0x00000000c4c00000, 0x0000000100000000)
  region size 1024K, 4 young (4096K), 3 survivors (3072K)
 Metaspace       used 21354K, committed 21504K, reserved 1073152K
  class space    used 2196K, committed 2304K, reserved 1048576K
}
Event: 2.991 GC heap after
{Heap after GC invocations=4 (full 0):
 garbage-first heap   total 61440K, used 9728K [0x00000000c4c00000, 0x0000000100000000)
  region size 1024K, 3 young (3072K), 3 survivors (3072K)
 Metaspace       used 21354K, committed 21504K, reserved 1073152K
  class space    used 2196K, committed 2304K, reserved 1048576K
}
Event: 3.714 GC heap before
{Heap before GC invocations=5 (full 0):
 garbage-first heap   total 40960K, used 29184K [0x00000000c4c00000, 0x0000000100000000)
  region size 1024K, 23 young (23552K), 3 survivors (3072K)
 Metaspace       used 25457K, committed 25664K, reserved 1073152K
  class space    used 2660K, committed 2752K, reserved 1048576K
}
Event: 3.720 GC heap after
{Heap after GC invocations=6 (full 0):
 garbage-first heap   total 40960K, used 11962K [0x00000000c4c00000, 0x0000000100000000)
  region size 1024K, 3 young (3072K), 3 survivors (3072K)
 Metaspace       used 25457K, committed 25664K, reserved 1073152K
  class space    used 2660K, committed 2752K, reserved 1048576K
}
Event: 3.772 GC heap before
{Heap before GC invocations=6 (full 0):
 garbage-first heap   total 40960K, used 11962K [0x00000000c4c00000, 0x0000000100000000)
  region size 1024K, 4 young (4096K), 3 survivors (3072K)
 Metaspace       used 25717K, committed 25920K, reserved 1073152K
  class space    used 2705K, committed 2816K, reserved 1048576K
}
Event: 3.775 GC heap after
{Heap after GC invocations=7 (full 0):
 garbage-first heap   total 40960K, used 12192K [0x00000000c4c00000, 0x0000000100000000)
  region size 1024K, 1 young (1024K), 1 survivors (1024K)
 Metaspace       used 25717K, committed 25920K, reserved 1073152K
  class space    used 2705K, committed 2816K, reserved 1048576K
}
Event: 5.538 GC heap before
{Heap before GC invocations=7 (full 0):
 garbage-first heap   total 40960K, used 25504K [0x00000000c4c00000, 0x0000000100000000)
  region size 1024K, 15 young (15360K), 1 survivors (1024K)
 Metaspace       used 29615K, committed 29824K, reserved 1081344K
  class space    used 3226K, committed 3328K, reserved 1048576K
}
Event: 5.539 GC heap after
{Heap after GC invocations=8 (full 0):
 garbage-first heap   total 40960K, used 12954K [0x00000000c4c00000, 0x0000000100000000)
  region size 1024K, 2 young (2048K), 2 survivors (2048K)
 Metaspace       used 29615K, committed 29824K, reserved 1081344K
  class space    used 3226K, committed 3328K, reserved 1048576K
}
Event: 12.752 GC heap before
{Heap before GC invocations=8 (full 0):
 garbage-first heap   total 40960K, used 33434K [0x00000000c4c00000, 0x0000000100000000)
  region size 1024K, 17 young (17408K), 2 survivors (2048K)
 Metaspace       used 33331K, committed 33536K, reserved 1081344K
  class space    used 3758K, committed 3840K, reserved 1048576K
}
Event: 12.845 GC heap after
{Heap after GC invocations=9 (full 0):
 garbage-first heap   total 40960K, used 19187K [0x00000000c4c00000, 0x0000000100000000)
  region size 1024K, 3 young (3072K), 3 survivors (3072K)
 Metaspace       used 33331K, committed 33536K, reserved 1081344K
  class space    used 3758K, committed 3840K, reserved 1048576K
}

Deoptimization events (20 events):
Event: 3.700 Thread 0x00000242293f8ed0 Uncommon trap: trap_request=0xffffffde fr.pc=0x00000242345fac04 relative=0x00000000000002c4
Event: 3.700 Thread 0x00000242293f8ed0 Uncommon trap: reason=class_check action=maybe_recompile pc=0x00000242345fac04 method=java.util.regex.Matcher.search(I)Z @ 121 c2
Event: 3.700 Thread 0x00000242293f8ed0 DEOPT PACKING pc=0x00000242345fac04 sp=0x0000004ec8dfc690
Event: 3.700 Thread 0x00000242293f8ed0 DEOPT UNPACKING pc=0x000002422cb05c23 sp=0x0000004ec8dfc620 mode 2
Event: 4.566 Thread 0x00000242293f8ed0 Uncommon trap: trap_request=0xffffffde fr.pc=0x00000242345fac04 relative=0x00000000000002c4
Event: 4.566 Thread 0x00000242293f8ed0 Uncommon trap: reason=class_check action=maybe_recompile pc=0x00000242345fac04 method=java.util.regex.Matcher.search(I)Z @ 121 c2
Event: 4.566 Thread 0x00000242293f8ed0 DEOPT PACKING pc=0x00000242345fac04 sp=0x0000004ec8dfd0a0
Event: 4.566 Thread 0x00000242293f8ed0 DEOPT UNPACKING pc=0x000002422cb05c23 sp=0x0000004ec8dfd030 mode 2
Event: 4.594 Thread 0x00000242293f8ed0 Uncommon trap: trap_request=0xffffff45 fr.pc=0x000002423464691c relative=0x00000000000005fc
Event: 4.594 Thread 0x00000242293f8ed0 Uncommon trap: reason=unstable_if action=reinterpret pc=0x000002423464691c method=java.lang.String.replace(CC)Ljava/lang/String; @ 2 c2
Event: 4.594 Thread 0x00000242293f8ed0 DEOPT PACKING pc=0x000002423464691c sp=0x0000004ec8dfdcd0
Event: 4.594 Thread 0x00000242293f8ed0 DEOPT UNPACKING pc=0x000002422cb05c23 sp=0x0000004ec8dfdc80 mode 2
Event: 12.602 Thread 0x00000242293f8ed0 Uncommon trap: trap_request=0xffffff45 fr.pc=0x0000024234653a4c relative=0x00000000000011ac
Event: 12.602 Thread 0x00000242293f8ed0 Uncommon trap: reason=unstable_if action=reinterpret pc=0x0000024234653a4c method=java.util.concurrent.ConcurrentHashMap.putVal(Ljava/lang/Object;Ljava/lang/Object;Z)Ljava/lang/Object; @ 256 c2
Event: 12.602 Thread 0x00000242293f8ed0 DEOPT PACKING pc=0x0000024234653a4c sp=0x0000004ec8dfdcb0
Event: 12.603 Thread 0x00000242293f8ed0 DEOPT UNPACKING pc=0x000002422cb05c23 sp=0x0000004ec8dfdc38 mode 2
Event: 12.943 Thread 0x00000242293f8ed0 Uncommon trap: trap_request=0xffffffde fr.pc=0x0000024234643778 relative=0x00000000000001d8
Event: 12.943 Thread 0x00000242293f8ed0 Uncommon trap: reason=class_check action=maybe_recompile pc=0x0000024234643778 method=java.io.DataInputStream.readByte()B @ 4 c2
Event: 12.944 Thread 0x00000242293f8ed0 DEOPT PACKING pc=0x0000024234643778 sp=0x0000004ec8dfcbe0
Event: 12.944 Thread 0x00000242293f8ed0 DEOPT UNPACKING pc=0x000002422cb05c23 sp=0x0000004ec8dfcb98 mode 2

Classes unloaded (0 events):
No events

Classes redefined (0 events):
No events

Internal exceptions (20 events):
Event: 5.051 Thread 0x00000242421a4470 Exception <a 'java/lang/NoSuchMethodError'{0x00000000c6ae93f8}: 'java.lang.Object java.lang.invoke.DirectMethodHandle$Holder.newInvokeSpecial(java.lang.Object, long)'> (0x00000000c6ae93f8) 
thrown [s\src\hotspot\share\interpreter\linkResolver.cpp, line 759]
Event: 5.058 Thread 0x00000242421a4470 Exception <a 'java/lang/NoSuchMethodError'{0x00000000c6af3668}: 'java.lang.Object java.lang.invoke.DirectMethodHandle$Holder.invokeStaticInit(java.lang.Object, java.lang.Object, long, java.lang.Object)'> (0x00000000c6af3668) 
thrown [s\src\hotspot\share\interpreter\linkResolver.cpp, line 759]
Event: 5.060 Thread 0x00000242421a4470 Exception <a 'java/lang/NoSuchMethodError'{0x00000000c69653c0}: 'java.lang.Object java.lang.invoke.DirectMethodHandle$Holder.newInvokeSpecial(java.lang.Object, java.lang.Object, long)'> (0x00000000c69653c0) 
thrown [s\src\hotspot\share\interpreter\linkResolver.cpp, line 759]
Event: 5.062 Thread 0x00000242421a4470 Exception <a 'java/lang/NoSuchMethodError'{0x00000000c6968f30}: 'java.lang.Object java.lang.invoke.Invokers$Holder.linkToTargetMethod(java.lang.Object, long, java.lang.Object)'> (0x00000000c6968f30) 
thrown [s\src\hotspot\share\interpreter\linkResolver.cpp, line 759]
Event: 5.070 Thread 0x0000024241d324a0 Exception <a 'java/net/ConnectException'{0x00000000c692ba30}: Connection refused: no further information> (0x00000000c692ba30) 
thrown [s\src\hotspot\share\prims\jni.cpp, line 535]
Event: 5.070 Thread 0x0000024241d324a0 Exception <a 'java/net/SocketException'{0x00000000c692bd68}: Socket is not connected: shutdown> (0x00000000c692bd68) 
thrown [s\src\hotspot\share\prims\jni.cpp, line 535]
Event: 5.452 Thread 0x00000242293f8ed0 Exception <a 'java/lang/NoSuchMethodError'{0x00000000c682a7b8}: 'int java.lang.invoke.DirectMethodHandle$Holder.invokeVirtual(java.lang.Object, java.lang.Object)'> (0x00000000c682a7b8) 
thrown [s\src\hotspot\share\interpreter\linkResolver.cpp, line 759]
Event: 5.453 Thread 0x00000242293f8ed0 Exception <a 'java/lang/NoSuchMethodError'{0x00000000c6830ca0}: 'double java.lang.invoke.DirectMethodHandle$Holder.invokeVirtual(java.lang.Object, java.lang.Object)'> (0x00000000c6830ca0) 
thrown [s\src\hotspot\share\interpreter\linkResolver.cpp, line 759]
Event: 5.454 Thread 0x00000242293f8ed0 Exception <a 'java/lang/NoSuchMethodError'{0x00000000c6837448}: 'float java.lang.invoke.DirectMethodHandle$Holder.invokeVirtual(java.lang.Object, java.lang.Object)'> (0x00000000c6837448) 
thrown [s\src\hotspot\share\interpreter\linkResolver.cpp, line 759]
Event: 5.455 Thread 0x00000242293f8ed0 Exception <a 'java/lang/NoSuchMethodError'{0x00000000c6840460}: 'long java.lang.invoke.DirectMethodHandle$Holder.invokeVirtual(java.lang.Object, java.lang.Object)'> (0x00000000c6840460) 
thrown [s\src\hotspot\share\interpreter\linkResolver.cpp, line 759]
Event: 5.460 Thread 0x00000242293f8ed0 Exception <a 'java/lang/NoSuchMethodError'{0x00000000c6870348}: 'void java.lang.invoke.DirectMethodHandle$Holder.invokeStatic(java.lang.Object, java.lang.Object, java.lang.Object)'> (0x00000000c6870348) 
thrown [s\src\hotspot\share\interpreter\linkResolver.cpp, line 759]
Event: 5.489 Thread 0x00000242293f8ed0 Exception <a 'java/lang/NoSuchMethodError'{0x00000000c67944e0}: 'void java.lang.invoke.DirectMethodHandle$Holder.invokeSpecial(java.lang.Object, java.lang.Object, java.lang.Object, java.lang.Object, java.lang.Object)'> (0x00000000c67944e0) 
thrown [s\src\hotspot\share\interpreter\linkResolver.cpp, line 759]
Event: 5.490 Thread 0x00000242293f8ed0 Exception <a 'java/lang/NoSuchMethodError'{0x00000000c679b3c0}: 'void java.lang.invoke.DirectMethodHandle$Holder.invokeStatic(java.lang.Object, java.lang.Object, int)'> (0x00000000c679b3c0) 
thrown [s\src\hotspot\share\interpreter\linkResolver.cpp, line 759]
Event: 5.507 Thread 0x00000242293f8ed0 Exception <a 'java/lang/NoSuchMethodError'{0x00000000c665d238}: 'java.lang.Object java.lang.invoke.DirectMethodHandle$Holder.newInvokeSpecial(java.lang.Object, java.lang.Object, java.lang.Object, java.lang.Object, java.lang.Object)'> (0x00000000c665d238) 
thrown [s\src\hotspot\share\interpreter\linkResolver.cpp, line 759]
Event: 5.537 Thread 0x00000242293f8ed0 Exception <a 'java/lang/NoSuchMethodError'{0x00000000c65e3dc0}: 'int java.lang.invoke.DirectMethodHandle$Holder.invokeSpecialIFC(java.lang.Object, java.lang.Object, java.lang.Object)'> (0x00000000c65e3dc0) 
thrown [s\src\hotspot\share\interpreter\linkResolver.cpp, line 759]
Event: 5.550 Thread 0x00000242293f8ed0 Exception <a 'java/lang/NoSuchMethodError'{0x00000000c8766720}: 'java.lang.Object java.lang.invoke.Invokers$Holder.invokeExact_MT(java.lang.Object, java.lang.Object, java.lang.Object, java.lang.Object, java.lang.Object, java.lang.Object)'> (0x00000000c8766720) 
thrown [s\src\hotspot\share\interpreter\linkResolver.cpp, line 759]
Event: 5.578 Thread 0x00000242293f8ed0 Exception <a 'java/lang/NoSuchMethodError'{0x00000000c86c5b58}: 'void java.lang.invoke.DirectMethodHandle$Holder.invokeStatic(java.lang.Object, java.lang.Object, java.lang.Object, java.lang.Object)'> (0x00000000c86c5b58) 
thrown [s\src\hotspot\share\interpreter\linkResolver.cpp, line 759]
Event: 5.631 Thread 0x00000242293f8ed0 Exception <a 'java/lang/NoSuchMethodError'{0x00000000c84de378}: 'void java.lang.invoke.DirectMethodHandle$Holder.invokeSpecial(java.lang.Object, java.lang.Object, java.lang.Object, java.lang.Object, java.lang.Object, java.lang.Object)'> (0x00000000c84de378) 
thrown [s\src\hotspot\share\interpreter\linkResolver.cpp, line 759]
Event: 12.564 Thread 0x00000242293f8ed0 Exception <a 'java/lang/NoSuchMethodError'{0x00000000c67317a8}: 'java.lang.Object java.lang.invoke.DirectMethodHandle$Holder.invokeSpecialIFC(java.lang.Object, java.lang.Object, java.lang.Object)'> (0x00000000c67317a8) 
thrown [s\src\hotspot\share\interpreter\linkResolver.cpp, line 759]
Event: 12.980 Thread 0x00000242293f8ed0 Exception <a 'java/lang/ClassNotFoundException'{0x00000000c86fb6b8}: sun/util/logging/resources/spi/loggingProvider> (0x00000000c86fb6b8) 
thrown [s\src\hotspot\share\classfile\systemDictionary.cpp, line 256]

VM Operations (20 events):
Event: 3.772 Executing VM operation: G1CollectForAllocation
Event: 3.775 Executing VM operation: G1CollectForAllocation done
Event: 4.782 Executing VM operation: Cleanup
Event: 4.782 Executing VM operation: Cleanup done
Event: 5.538 Executing VM operation: G1CollectForAllocation
Event: 5.539 Executing VM operation: G1CollectForAllocation done
Event: 5.551 Executing VM operation: HandshakeAllThreads
Event: 5.551 Executing VM operation: HandshakeAllThreads done
Event: 6.557 Executing VM operation: Cleanup
Event: 6.557 Executing VM operation: Cleanup done
Event: 7.559 Executing VM operation: Cleanup
Event: 7.559 Executing VM operation: Cleanup done
Event: 12.597 Executing VM operation: Cleanup
Event: 12.597 Executing VM operation: Cleanup done
Event: 12.752 Executing VM operation: G1CollectForAllocation
Event: 12.845 Executing VM operation: G1CollectForAllocation done
Event: 13.850 Executing VM operation: Cleanup
Event: 13.850 Executing VM operation: Cleanup done
Event: 25.945 Executing VM operation: Cleanup
Event: 25.948 Executing VM operation: Cleanup done

Events (20 events):
Event: 13.000 loading class java/util/Comparators$NaturalOrderComparator
Event: 13.000 loading class java/util/Comparators$NaturalOrderComparator done
Event: 13.001 loading class java/util/function/ToIntFunction
Event: 13.001 loading class java/util/function/ToIntFunction done
Event: 13.002 loading class java/util/stream/ReferencePipeline$4
Event: 13.002 loading class java/util/stream/ReferencePipeline$4 done
Event: 13.002 loading class java/util/function/IntBinaryOperator
Event: 13.003 loading class java/util/function/IntBinaryOperator done
Event: 13.003 loading class java/util/stream/ReduceOps$6
Event: 13.004 loading class java/util/stream/ReduceOps$6 done
Event: 13.004 loading class java/util/stream/ReduceOps$5ReducingSink
Event: 13.004 loading class java/util/stream/ReduceOps$5ReducingSink done
Event: 13.004 loading class java/util/stream/ReferencePipeline$4$1
Event: 13.004 loading class java/util/stream/ReferencePipeline$4$1 done
Event: 13.004 loading class java/util/stream/SortedOps$SizedRefSortingSink
Event: 13.004 loading class java/util/stream/SortedOps$AbstractRefSortingSink
Event: 13.005 loading class java/util/stream/SortedOps$AbstractRefSortingSink done
Event: 13.005 loading class java/util/stream/SortedOps$SizedRefSortingSink done
Event: 26.058 loading class java/util/regex/Pattern$BnM
Event: 26.064 loading class java/util/regex/Pattern$BnM done


Dynamic libraries:
0x00007ff711d00000 - 0x00007ff711d0e000 	C:\Users\Aloke\Downloads\sts-4.16.1.RELEASE\plugins\org.eclipse.justj.openjdk.hotspot.jre.full.win32.x86_64_17.0.4.v20221004-1257\jre\bin\javaw.exe
0x00007fff7fc00000 - 0x00007fff7fe09000 	C:\WINDOWS\SYSTEM32\ntdll.dll
0x00007fff3f610000 - 0x00007fff3f627000 	C:\Program Files\Avast Software\Avast\aswhook.dll
0x00007fff7ec40000 - 0x00007fff7ecfe000 	C:\WINDOWS\System32\KERNEL32.DLL
0x00007fff7d170000 - 0x00007fff7d4eb000 	C:\WINDOWS\System32\KERNELBASE.dll
0x00007fff7d8f0000 - 0x00007fff7da01000 	C:\WINDOWS\System32\ucrtbase.dll
0x00007fff583c0000 - 0x00007fff583d8000 	C:\Users\Aloke\Downloads\sts-4.16.1.RELEASE\plugins\org.eclipse.justj.openjdk.hotspot.jre.full.win32.x86_64_17.0.4.v20221004-1257\jre\bin\jli.dll
0x00007fff7f690000 - 0x00007fff7f83d000 	C:\WINDOWS\System32\USER32.dll
0x00007fff7d8c0000 - 0x00007fff7d8e6000 	C:\WINDOWS\System32\win32u.dll
0x00007fff7e890000 - 0x00007fff7e8b9000 	C:\WINDOWS\System32\GDI32.dll
0x00007fff7d4f0000 - 0x00007fff7d608000 	C:\WINDOWS\System32\gdi32full.dll
0x00007fff7d0d0000 - 0x00007fff7d16d000 	C:\WINDOWS\System32\msvcp_win.dll
0x00007fff50860000 - 0x00007fff50879000 	C:\Users\Aloke\Downloads\sts-4.16.1.RELEASE\plugins\org.eclipse.justj.openjdk.hotspot.jre.full.win32.x86_64_17.0.4.v20221004-1257\jre\bin\VCRUNTIME140.dll
0x00007fff61420000 - 0x00007fff616c5000 	C:\WINDOWS\WinSxS\amd64_microsoft.windows.common-controls_6595b64144ccf1df_6.0.22000.120_none_9d947278b86cc467\COMCTL32.dll
0x00007fff7f080000 - 0x00007fff7f123000 	C:\WINDOWS\System32\msvcrt.dll
0x00007fff7f840000 - 0x00007fff7f872000 	C:\WINDOWS\System32\IMM32.DLL
0x00007fff58160000 - 0x00007fff5816c000 	C:\Users\Aloke\Downloads\sts-4.16.1.RELEASE\plugins\org.eclipse.justj.openjdk.hotspot.jre.full.win32.x86_64_17.0.4.v20221004-1257\jre\bin\vcruntime140_1.dll
0x00007fff28790000 - 0x00007fff28821000 	C:\Users\Aloke\Downloads\sts-4.16.1.RELEASE\plugins\org.eclipse.justj.openjdk.hotspot.jre.full.win32.x86_64_17.0.4.v20221004-1257\jre\bin\msvcp140.dll
0x00007ffea4b50000 - 0x00007ffea5796000 	C:\Users\Aloke\Downloads\sts-4.16.1.RELEASE\plugins\org.eclipse.justj.openjdk.hotspot.jre.full.win32.x86_64_17.0.4.v20221004-1257\jre\bin\server\jvm.dll
0x00007fff7de40000 - 0x00007fff7deee000 	C:\WINDOWS\System32\ADVAPI32.dll
0x00007fff7dda0000 - 0x00007fff7de3e000 	C:\WINDOWS\System32\sechost.dll
0x00007fff7dfb0000 - 0x00007fff7e0d0000 	C:\WINDOWS\System32\RPCRT4.dll
0x00007fff7f970000 - 0x00007fff7f978000 	C:\WINDOWS\System32\PSAPI.DLL
0x00007fff5e4c0000 - 0x00007fff5e4c9000 	C:\WINDOWS\SYSTEM32\WSOCK32.dll
0x00007fff7eac0000 - 0x00007fff7eb2f000 	C:\WINDOWS\System32\WS2_32.dll
0x00007fff751f0000 - 0x00007fff751fa000 	C:\WINDOWS\SYSTEM32\VERSION.dll
0x00007fff76100000 - 0x00007fff76133000 	C:\WINDOWS\SYSTEM32\WINMM.dll
0x00007fff7c150000 - 0x00007fff7c168000 	C:\WINDOWS\SYSTEM32\kernel.appcore.dll
0x00007fff58150000 - 0x00007fff5815a000 	C:\Users\Aloke\Downloads\sts-4.16.1.RELEASE\plugins\org.eclipse.justj.openjdk.hotspot.jre.full.win32.x86_64_17.0.4.v20221004-1257\jre\bin\jimage.dll
0x00007fff7ab00000 - 0x00007fff7ad21000 	C:\WINDOWS\SYSTEM32\DBGHELP.DLL
0x00007fff62f90000 - 0x00007fff62fc1000 	C:\WINDOWS\SYSTEM32\dbgcore.DLL
0x00007fff7d610000 - 0x00007fff7d68f000 	C:\WINDOWS\System32\bcryptPrimitives.dll
0x00007fff4f730000 - 0x00007fff4f755000 	C:\Users\Aloke\Downloads\sts-4.16.1.RELEASE\plugins\org.eclipse.justj.openjdk.hotspot.jre.full.win32.x86_64_17.0.4.v20221004-1257\jre\bin\java.dll
0x00007fff4f6e0000 - 0x00007fff4f6f8000 	C:\Users\Aloke\Downloads\sts-4.16.1.RELEASE\plugins\org.eclipse.justj.openjdk.hotspot.jre.full.win32.x86_64_17.0.4.v20221004-1257\jre\bin\zip.dll
0x00007fff7e0d0000 - 0x00007fff7e888000 	C:\WINDOWS\System32\SHELL32.dll
0x00007fff7b1c0000 - 0x00007fff7ba25000 	C:\WINDOWS\SYSTEM32\windows.storage.dll
0x00007fff7ed00000 - 0x00007fff7f078000 	C:\WINDOWS\System32\combase.dll
0x00007fff7b050000 - 0x00007fff7b1b6000 	C:\WINDOWS\SYSTEM32\wintypes.dll
0x00007fff7f880000 - 0x00007fff7f96a000 	C:\WINDOWS\System32\SHCORE.dll
0x00007fff7f130000 - 0x00007fff7f18d000 	C:\WINDOWS\System32\shlwapi.dll
0x00007fff7d000000 - 0x00007fff7d021000 	C:\WINDOWS\SYSTEM32\profapi.dll
0x00007fff4f540000 - 0x00007fff4f559000 	C:\Users\Aloke\Downloads\sts-4.16.1.RELEASE\plugins\org.eclipse.justj.openjdk.hotspot.jre.full.win32.x86_64_17.0.4.v20221004-1257\jre\bin\net.dll
0x00007fff74eb0000 - 0x00007fff74fc4000 	C:\WINDOWS\SYSTEM32\WINHTTP.dll
0x00007fff7c5f0000 - 0x00007fff7c657000 	C:\WINDOWS\system32\mswsock.dll
0x00007fff4f4e0000 - 0x00007fff4f4f5000 	C:\Users\Aloke\Downloads\sts-4.16.1.RELEASE\plugins\org.eclipse.justj.openjdk.hotspot.jre.full.win32.x86_64_17.0.4.v20221004-1257\jre\bin\nio.dll
0x00007fff78bf0000 - 0x00007fff78c00000 	C:\Users\Aloke\Downloads\sts-4.16.1.RELEASE\plugins\org.eclipse.justj.openjdk.hotspot.jre.full.win32.x86_64_17.0.4.v20221004-1257\jre\bin\verify.dll
0x00007fff7bcb0000 - 0x00007fff7bd98000 	C:\WINDOWS\SYSTEM32\DNSAPI.dll
0x00007fff7bc80000 - 0x00007fff7bcad000 	C:\WINDOWS\SYSTEM32\IPHLPAPI.DLL
0x00007fff7eb40000 - 0x00007fff7eb49000 	C:\WINDOWS\System32\NSI.dll
0x00007fff664a0000 - 0x00007fff664aa000 	C:\Windows\System32\rasadhlp.dll
0x00007fff73280000 - 0x00007fff73301000 	C:\WINDOWS\System32\fwpuclnt.dll
0x00007fff7a1d0000 - 0x00007fff7a1de000 	C:\Users\Aloke\Downloads\sts-4.16.1.RELEASE\plugins\org.eclipse.justj.openjdk.hotspot.jre.full.win32.x86_64_17.0.4.v20221004-1257\jre\bin\sunmscapi.dll
0x00007fff7d750000 - 0x00007fff7d8b2000 	C:\WINDOWS\System32\CRYPT32.dll
0x00007fff7c990000 - 0x00007fff7c9b8000 	C:\WINDOWS\SYSTEM32\ncrypt.dll
0x00007fff7c950000 - 0x00007fff7c987000 	C:\WINDOWS\SYSTEM32\NTASN1.dll
0x00007fff7c840000 - 0x00007fff7c858000 	C:\WINDOWS\SYSTEM32\CRYPTSP.dll
0x00007fff7c0b0000 - 0x00007fff7c0e5000 	C:\WINDOWS\system32\rsaenh.dll
0x00007fff7c6e0000 - 0x00007fff7c709000 	C:\WINDOWS\SYSTEM32\USERENV.dll
0x00007fff7c9c0000 - 0x00007fff7c9e7000 	C:\WINDOWS\SYSTEM32\bcrypt.dll
0x00007fff7c830000 - 0x00007fff7c83c000 	C:\WINDOWS\SYSTEM32\CRYPTBASE.dll
0x00007fff75200000 - 0x00007fff75219000 	C:\WINDOWS\SYSTEM32\dhcpcsvc6.DLL
0x00007fff75400000 - 0x00007fff7541e000 	C:\WINDOWS\SYSTEM32\dhcpcsvc.DLL
0x00007fff58170000 - 0x00007fff58179000 	C:\Users\Aloke\Downloads\sts-4.16.1.RELEASE\plugins\org.eclipse.justj.openjdk.hotspot.jre.full.win32.x86_64_17.0.4.v20221004-1257\jre\bin\management.dll
0x00007fff57e60000 - 0x00007fff57e6b000 	C:\Users\Aloke\Downloads\sts-4.16.1.RELEASE\plugins\org.eclipse.justj.openjdk.hotspot.jre.full.win32.x86_64_17.0.4.v20221004-1257\jre\bin\management_ext.dll
0x00007fff79380000 - 0x00007fff79388000 	C:\WINDOWS\system32\wshunix.dll

dbghelp: loaded successfully - version: 4.0.5 - missing functions: none
symbol engine: initialized successfully - sym options: 0x614 - pdb path: .;C:\Users\Aloke\Downloads\sts-4.16.1.RELEASE\plugins\org.eclipse.justj.openjdk.hotspot.jre.full.win32.x86_64_17.0.4.v20221004-1257\jre\bin;C:\WINDOWS\SYSTEM32;C:\Program Files\Avast Software\Avast;C:\WINDOWS\WinSxS\amd64_microsoft.windows.common-controls_6595b64144ccf1df_6.0.22000.120_none_9d947278b86cc467;C:\Users\Aloke\Downloads\sts-4.16.1.RELEASE\plugins\org.eclipse.justj.openjdk.hotspot.jre.full.win32.x86_64_17.0.4.v20221004-1257\jre\bin\server

VM Arguments:
jvm_args: -ea -Dfile.encoding=UTF-8 -XX:+ShowCodeDetailsInExceptionMessages 
java_command: org.testng.remote.RemoteTestNG -serport 63093 -protocol json -d C:\Users\Aloke\Documents\workspace-spring-tool-suite-4-4.16.1.RELEASE\karnataka_tourism\test-output C:\Users\Aloke\AppData\Local\Temp\testng-eclipse-2125921714\testng-customsuite.xml
java_class_path (initial): C:\Users\Aloke\Downloads\sts-4.16.1.RELEASE\configuration\org.eclipse.osgi\589\0\.cp\lib\testng-remote.jar;C:\Users\Aloke\Documents\workspace-spring-tool-suite-4-4.16.1.RELEASE\karnataka_tourism\target\test-classes;C:\Users\Aloke\Documents\workspace-spring-tool-suite-4-4.16.1.RELEASE\karnataka_tourism\target\classes;C:\Users\Aloke\.m2\repository\org\seleniumhq\selenium\selenium-java\4.5.2\selenium-java-4.5.2.jar;C:\Users\Aloke\.m2\repository\org\seleniumhq\selenium\selenium-api\4.5.2\selenium-api-4.5.2.jar;C:\Users\Aloke\.m2\repository\org\seleniumhq\selenium\selenium-chrome-driver\4.5.2\selenium-chrome-driver-4.5.2.jar;C:\Users\Aloke\.m2\repository\com\google\auto\service\auto-service-annotations\1.0.1\auto-service-annotations-1.0.1.jar;C:\Users\Aloke\.m2\repository\com\google\auto\service\auto-service\1.0.1\auto-service-1.0.1.jar;C:\Users\Aloke\.m2\repository\com\google\auto\auto-common\1.2\auto-common-1.2.jar;C:\Users\Aloke\.m2\repository\com\google\guava\guava\31.1-jre\guava-31.1-jre.jar;C:\Users\Aloke\.m2\repository\com\google\guava\failureaccess\1.0.1\failureaccess-1.0.1.jar;C:\Users\Aloke\.m2\repository\com\google\guava\listenablefuture\9999.0-empty-to-avoid-conflict-with-guava\listenablefuture-9999.0-empty-to-avoid-conflict-with-guava.jar;C:\Users\Aloke\.m2\repository\com\google\code\findbugs\jsr305\3.0.2\jsr305-3.0.2.jar;C:\Users\Aloke\.m2\repository\org\checkerframework\checker-qual\3.12.0\checker-qual-3.12.0.jar;C:\Users\Aloke\.m2\repository\com\google\errorprone\error_prone_annotations\2.11.0\error_prone_annotations-2.11.0.jar;C:\Users\Aloke\.m2\repository\com\google\j2objc\j2objc-annotations\1.3\j2objc-annotations-1.3.jar;C:\Users\Aloke\.m2\repository\org\seleniumhq\selenium\selenium-chromium-driver\4.5.2\selenium-chromium-driver-4.5.2.jar;C:\Users\Aloke\.m2\repository\org\seleniumhq\selenium\selenium-json\4.5.2\selenium-json-4.5.2.jar;C:\Users\Aloke\.m2\repository\org\seleniumhq\selenium\selenium-devtools-v104\4.5.2\seleniu
Launcher Type: SUN_STANDARD

[Global flags]
     intx CICompilerCount                          = 3                                         {product} {ergonomic}
     uint ConcGCThreads                            = 1                                         {product} {ergonomic}
     uint G1ConcRefinementThreads                  = 4                                         {product} {ergonomic}
   size_t G1HeapRegionSize                         = 1048576                                   {product} {ergonomic}
    uintx GCDrainStackTargetSize                   = 64                                        {product} {ergonomic}
   size_t InitialHeapSize                          = 62914560                                  {product} {ergonomic}
   size_t MarkStackSize                            = 4194304                                   {product} {ergonomic}
   size_t MaxHeapSize                              = 994050048                                 {product} {ergonomic}
   size_t MaxNewSize                               = 595591168                                 {product} {ergonomic}
   size_t MinHeapDeltaBytes                        = 1048576                                   {product} {ergonomic}
   size_t MinHeapSize                              = 8388608                                   {product} {ergonomic}
    uintx NonNMethodCodeHeapSize                   = 5832780                                {pd product} {ergonomic}
    uintx NonProfiledCodeHeapSize                  = 122912730                              {pd product} {ergonomic}
    uintx ProfiledCodeHeapSize                     = 122912730                              {pd product} {ergonomic}
    uintx ReservedCodeCacheSize                    = 251658240                              {pd product} {ergonomic}
     bool SegmentedCodeCache                       = true                                      {product} {ergonomic}
     bool ShowCodeDetailsInExceptionMessages       = true                                   {manageable} {command line}
   size_t SoftMaxHeapSize                          = 994050048                              {manageable} {ergonomic}
     bool UseCompressedClassPointers               = true                           {product lp64_product} {ergonomic}
     bool UseCompressedOops                        = true                           {product lp64_product} {ergonomic}
     bool UseG1GC                                  = true                                      {product} {ergonomic}
     bool UseLargePagesIndividualAllocation        = false                                  {pd product} {ergonomic}

Logging:
Log output configuration:
 #0: stdout all=warning uptime,level,tags
 #1: stderr all=off uptime,level,tags

Environment Variables:
PATH=C:/Users/Aloke/Downloads/sts-4.16.1.RELEASE//plugins/org.eclipse.justj.openjdk.hotspot.jre.full.win32.x86_64_17.0.4.v20221004-1257/jre/bin/server;C:/Users/Aloke/Downloads/sts-4.16.1.RELEASE//plugins/org.eclipse.justj.openjdk.hotspot.jre.full.win32.x86_64_17.0.4.v20221004-1257/jre/bin;C:\Program Files\Common Files\Oracle\Java\javapath;C:\Program Files (x86)\VMware\VMware Player\bin\;C:\WINDOWS\system32;C:\WINDOWS;C:\WINDOWS\System32\Wbem;C:\WINDOWS\System32\WindowsPowerShell\v1.0\;C:\WINDOWS\System32\OpenSSH\;C:\Program Files\Git\cmd;D:\apache-maven-3.8.6-bin\apache-maven-3.8.6\bin;C:\Program Files\Java\jdk-11.0.16.1\bin;C:\Program Files\Java\jdk-19\bin;C:\Program Files\nodejs\;C:\Program Files\nodejs\node_modules\npm\bin;C:\Users\Aloke\AppData\Local\Programs\Python\Python311\Scripts\;C:\Users\Aloke\AppData\Local\Programs\Python\Python311\;C:\Users\Aloke\AppData\Local\Microsoft\WindowsApps;C:\Program Files\JetBrains\IntelliJ IDEA Community Edition 2022.2.2\bin;;C:\Program Files\Java\jdk-19\bin;C:\Users\Aloke\AppData\Roaming\npm;C:\Program Files\nodejs\node_modules\npm\bin;;C:\Program Files\JetBrains\PyCharm Community Edition 2022.2.3\bin;;C:\Users\Aloke\AppData\Local\Programs\Microsoft VS Code\bin;C:\Users\Aloke\Downloads\sts-4.16.1.RELEASE;
USERNAME=Aloke
OS=Windows_NT
PROCESSOR_IDENTIFIER=Intel64 Family 6 Model 126 Stepping 5, GenuineIntel
TMP=C:\Users\Aloke\AppData\Local\Temp
TEMP=C:\Users\Aloke\AppData\Local\Temp



---------------  S Y S T E M  ---------------

OS:
 Windows 11 , 64 bit Build 22000 (10.0.22000.1219)
OS uptime: 1 days 7:08 hours

CPU: total 4 (initial active 4) (2 cores per cpu, 2 threads per core) family 6 model 126 stepping 5 microcode 0xa0, cx8, cmov, fxsr, ht, mmx, 3dnowpref, sse, sse2, sse3, ssse3, sse4.1, sse4.2, popcnt, lzcnt, tsc, tscinvbit, avx, avx2, aes, erms, clmul, bmi1, bmi2, adx, avx512f, avx512dq, avx512cd, avx512bw, avx512vl, sha, fma, vzeroupper, avx512_vpopcntdq, avx512_vpclmulqdq, avx512_vaes, avx512_vnni, clflush, clflushopt, avx512_vbmi2, avx512_vbmi

Memory: 4k page, system-wide physical 3784M (55M free)
TotalPageFile size 15560M (AvailPageFile size 20M)
current process WorkingSet (physical memory assigned to process): 43M, peak: 132M
current process commit charge ("private bytes"): 166M, peak: 170M

vm_info: OpenJDK 64-Bit Server VM (17.0.4.1+1) for windows-amd64 JRE (17.0.4.1+1), built on Aug 17 2022 07:42:43 by "temurin" with MS VC++ 16.7 (VS2019)

END.
